TN:
SF:src\app\providers\ErrorBoundary\index.tsx
FN:1,get
FN:2,get
FNF:2
FNH:1
FNDA:0,get
FNDA:1,get
DA:1,1
DA:2,1
LF:2
LH:2
BRDA:2,0,0,1
BRF:1
BRH:1
end_of_record
TN:
SF:src\app\providers\ErrorBoundary\ui\BugButton.tsx
FN:10,BugButton
FN:13,handleClickErrorButton
FNF:2
FNH:1
FNDA:1,BugButton
FNDA:0,handleClickErrorButton
DA:1,1
DA:2,1
DA:3,1
DA:4,1
DA:5,1
DA:6,1
DA:7,1
DA:8,1
DA:9,1
DA:10,1
DA:11,1
DA:12,1
DA:13,1
DA:14,1
DA:15,1
DA:16,1
DA:17,0
DA:18,0
DA:19,1
DA:20,1
DA:21,1
DA:22,1
DA:23,1
DA:24,1
DA:25,1
DA:26,1
DA:27,1
DA:28,1
DA:29,1
DA:30,1
LF:30
LH:28
BRDA:10,0,0,1
BRDA:15,1,0,1
BRDA:16,2,0,0
BRF:3
BRH:2
end_of_record
TN:
SF:src\app\providers\ErrorBoundary\ui\ErrorBoundary.tsx
FN:12,ErrorBoundary
FN:17,ErrorBoundary.getDerivedStateFromError
FN:21,ErrorBoundary.render
FNF:3
FNH:0
FNDA:0,ErrorBoundary
FNDA:0,ErrorBoundary.getDerivedStateFromError
FNDA:0,ErrorBoundary.render
DA:1,1
DA:2,1
DA:3,1
DA:4,1
DA:5,1
DA:6,1
DA:7,1
DA:8,1
DA:9,1
DA:10,1
DA:11,1
DA:12,1
DA:13,0
DA:14,0
DA:15,0
DA:16,1
DA:17,1
DA:18,0
DA:19,0
DA:20,1
DA:21,1
DA:22,0
DA:23,0
DA:24,0
DA:25,0
DA:26,0
DA:27,0
DA:28,0
DA:29,0
DA:30,1
LF:30
LH:17
BRDA:11,0,0,1
BRF:1
BRH:1
end_of_record
TN:
SF:src\app\providers\ThemeProviders\index.tsx
FN:1,get
FN:2,get
FN:3,get
FNF:3
FNH:3
FNDA:1,get
FNDA:7,get
FNDA:7,get
DA:1,1
DA:2,1
DA:3,1
LF:3
LH:3
BRDA:1,0,0,1
BRDA:2,1,0,7
BRDA:3,2,0,7
BRF:3
BRH:3
end_of_record
TN:
SF:src\app\providers\ThemeProviders\lib\ThemeContext.ts
FNF:0
FNH:0
DA:1,1
DA:2,2
DA:3,2
DA:4,2
DA:5,2
DA:6,1
DA:7,1
DA:8,1
DA:9,1
DA:10,1
DA:11,1
DA:12,1
LF:12
LH:12
BRDA:2,0,0,2
BRF:1
BRH:1
end_of_record
TN:
SF:src\app\providers\ThemeProviders\lib\useTheme.ts
FN:9,useTheme
FN:11,toggleTheme
FNF:2
FNH:2
FNDA:7,useTheme
FNDA:2,toggleTheme
DA:1,1
DA:2,1
DA:3,1
DA:4,1
DA:5,1
DA:6,1
DA:7,1
DA:8,1
DA:9,7
DA:10,7
DA:11,7
DA:12,2
DA:13,2
DA:14,2
DA:15,2
DA:16,7
DA:17,7
DA:18,7
DA:19,7
DA:20,7
DA:21,7
LF:21
LH:21
BRDA:9,0,0,7
BRDA:11,1,0,2
BRDA:12,2,0,1
BRDA:12,3,0,1
BRF:4
BRH:4
end_of_record
TN:
SF:src\app\providers\ThemeProviders\ui\ThemeProvider.tsx
FN:11,ThemeProvider
FNF:1
FNH:1
FNDA:3,ThemeProvider
DA:1,1
DA:2,1
DA:3,1
DA:4,1
DA:5,1
DA:6,1
DA:7,1
DA:8,1
DA:9,1
DA:10,1
DA:11,1
DA:12,3
DA:13,3
DA:14,3
DA:15,3
DA:16,3
DA:17,3
DA:18,3
DA:19,3
DA:20,3
DA:21,3
DA:22,3
DA:23,3
DA:24,3
DA:25,3
LF:25
LH:25
BRDA:11,0,0,3
BRDA:14,1,0,3
BRF:2
BRH:2
end_of_record
TN:
SF:src\pages\AboutPage\ui\AboutPage.tsx
FN:3,AboutPage
FNF:1
FNH:1
FNDA:1,AboutPage
DA:1,1
DA:2,1
DA:3,1
DA:4,1
DA:5,1
DA:6,1
DA:7,1
DA:8,1
DA:9,1
DA:10,1
LF:10
LH:10
BRDA:3,0,0,1
BRF:1
BRH:1
end_of_record
TN:
SF:src\pages\MainPage\ui\MainPage.tsx
FN:3,MainPage
FNF:1
FNH:1
FNDA:1,MainPage
DA:1,1
DA:2,1
DA:3,1
DA:4,1
DA:5,1
DA:6,1
DA:7,1
DA:8,1
DA:9,1
DA:10,1
LF:10
LH:10
BRDA:3,0,0,1
BRF:1
BRH:1
end_of_record
TN:
SF:src\pages\NotFoundPage\ui\NotFoundPage.tsx
FN:3,NotFoundPage
FNF:1
FNH:1
FNDA:1,NotFoundPage
DA:1,1
DA:2,1
DA:3,1
DA:4,1
DA:5,1
DA:6,1
DA:7,1
DA:8,1
DA:9,1
DA:10,1
LF:10
LH:10
BRDA:3,0,0,1
BRF:1
BRH:1
end_of_record
TN:
SF:src\shared\config\i18n\i18nForTest.ts
FNF:0
FNH:0
DA:1,1
DA:2,1
DA:3,1
DA:4,1
DA:5,1
DA:6,1
DA:7,1
DA:8,1
DA:9,1
DA:10,1
DA:11,1
DA:12,1
DA:13,1
DA:14,1
DA:15,1
DA:16,1
LF:16
LH:16
BRF:0
BRH:0
end_of_record
TN:
SF:src\shared\lib\classNames\classNames.ts
FN:2,classNames
FNF:1
FNH:1
FNDA:33,classNames
DA:1,1
DA:2,33
DA:3,33
DA:4,33
DA:5,33
DA:6,33
DA:7,33
DA:8,33
DA:9,33
DA:10,33
DA:11,33
DA:12,33
DA:13,33
DA:14,33
LF:14
LH:14
BRDA:2,0,0,33
BRDA:4,1,0,3
BRDA:5,2,0,3
BRDA:11,3,0,10
BRDA:12,4,0,6
BRF:5
BRH:5
end_of_record
TN:
SF:src\shared\lib\tests\renderWithTranslation.tsx
FN:6,renderWithTranslation
FNF:1
FNH:1
FNDA:10,renderWithTranslation
DA:1,1
DA:2,1
DA:3,1
DA:4,1
DA:5,1
DA:6,10
DA:7,10
DA:8,10
LF:8
LH:8
BRDA:6,0,0,10
BRF:1
BRH:1
end_of_record
TN:
SF:src\shared\ui\AppLink\AppLink.tsx
FN:16,AppLink
FNF:1
FNH:1
FNDA:4,AppLink
DA:1,1
DA:2,1
DA:3,1
DA:4,1
DA:5,2
DA:6,2
DA:7,2
DA:8,2
DA:9,1
DA:10,1
DA:11,1
DA:12,1
DA:13,1
DA:14,1
DA:15,1
DA:16,1
DA:17,4
DA:18,4
DA:19,4
DA:20,4
DA:21,4
DA:22,4
DA:23,4
DA:24,4
DA:25,4
DA:26,4
DA:27,4
DA:28,4
DA:29,4
DA:30,4
DA:31,4
DA:32,4
DA:33,4
LF:33
LH:33
BRDA:5,0,0,2
BRDA:16,1,0,4
BRDA:21,2,0,2
BRDA:21,3,0,2
BRF:4
BRH:4
end_of_record
TN:
SF:src\shared\ui\Button\Button.tsx
FN:16,Button
FNF:1
FNH:1
FNDA:14,Button
DA:1,1
DA:2,1
DA:3,1
DA:4,1
DA:5,4
DA:6,4
DA:7,4
DA:8,4
DA:9,1
DA:10,1
DA:11,1
DA:12,1
DA:13,1
DA:14,1
DA:15,1
DA:16,1
DA:17,14
DA:18,14
DA:19,14
DA:20,14
DA:21,14
DA:22,14
DA:23,14
DA:24,14
DA:25,14
DA:26,14
DA:27,14
LF:27
LH:27
BRDA:5,0,0,4
BRDA:16,1,0,14
BRF:2
BRH:2
end_of_record
TN:
SF:src\shared\ui\Loaders\Loaders.tsx
FN:7,Loaders
FNF:1
FNH:1
FNDA:2,Loaders
DA:1,1
DA:2,1
DA:3,1
DA:4,1
DA:5,1
DA:6,1
DA:7,1
DA:8,2
DA:9,2
DA:10,2
DA:11,2
DA:12,2
DA:13,2
LF:13
LH:13
BRDA:7,0,0,2
BRF:1
BRH:1
end_of_record
TN:
SF:src\widgets\Header\ui\Header.tsx
FN:5,Header
FNF:1
FNH:1
FNDA:1,Header
DA:1,1
DA:2,1
DA:3,1
DA:4,1
DA:5,1
DA:6,1
DA:7,1
DA:8,1
DA:9,1
DA:10,1
DA:11,1
DA:12,1
DA:13,1
DA:14,1
DA:15,1
DA:16,1
DA:17,1
DA:18,1
DA:19,1
DA:20,1
DA:21,1
DA:22,1
DA:23,1
DA:24,1
DA:25,1
DA:26,1
DA:27,1
DA:28,1
DA:29,1
DA:30,1
LF:30
LH:30
BRDA:5,0,0,1
BRF:1
BRH:1
end_of_record
TN:
SF:src\widgets\LanguageSwitcher\index.tsx
FN:1,get
FNF:1
FNH:1
FNDA:4,get
DA:1,1
LF:1
LH:1
BRDA:1,0,0,4
BRF:1
BRH:1
end_of_record
TN:
SF:src\widgets\LanguageSwitcher\ui\LanguageSwitcher.tsx
FN:3,LanguageSwitcher
FN:5,changleLanguage
FNF:2
FNH:1
FNDA:5,LanguageSwitcher
FNDA:0,changleLanguage
DA:1,1
DA:2,1
DA:3,1
DA:4,5
DA:5,5
DA:6,0
DA:7,0
DA:8,5
DA:9,5
DA:10,5
LF:10
LH:8
BRDA:3,0,0,5
BRF:1
BRH:1
end_of_record
TN:
SF:src\widgets\PageError\index.tsx
FN:1,get
FNF:1
FNH:0
FNDA:0,get
DA:1,1
LF:1
LH:1
BRF:0
BRH:0
end_of_record
TN:
SF:src\widgets\PageError\ui\PageError.tsx
FN:3,PageError
FN:5,reloadPage
FNF:2
FNH:1
FNDA:1,PageError
FNDA:0,reloadPage
DA:1,1
DA:2,1
DA:3,1
DA:4,1
DA:5,1
DA:6,0
DA:7,1
DA:8,1
DA:9,1
DA:10,1
DA:11,1
DA:12,1
DA:13,1
DA:14,1
DA:15,1
DA:16,1
LF:16
LH:15
BRDA:3,0,0,1
BRF:1
BRH:1
end_of_record
TN:
SF:src\widgets\PageLoader\ui\PageLoader.tsx
FN:3,PageLoader
FNF:1
FNH:1
FNDA:1,PageLoader
DA:1,1
DA:2,1
DA:3,1
DA:4,1
DA:5,1
DA:6,1
DA:7,1
DA:8,1
DA:9,1
LF:9
LH:9
BRDA:3,0,0,1
BRF:1
BRH:1
end_of_record
TN:
SF:src\widgets\Sidebar\ui\Sidebar\Sidebar.tsx
FN:7,Sidebar
FN:10,onSidebarOpen
FNF:2
FNH:2
FNDA:4,Sidebar
FNDA:1,onSidebarOpen
DA:1,1
DA:2,1
DA:3,1
DA:4,1
DA:5,1
DA:6,1
DA:7,1
DA:8,4
DA:9,4
DA:10,4
DA:11,1
DA:12,4
DA:13,4
DA:14,4
DA:15,4
DA:16,4
DA:17,4
DA:18,4
DA:19,4
DA:20,4
DA:21,4
DA:22,4
DA:23,4
DA:24,4
DA:25,4
DA:26,4
DA:27,4
DA:28,4
DA:29,4
DA:30,4
DA:31,4
DA:32,4
DA:33,4
DA:34,4
DA:35,4
DA:36,4
DA:37,4
DA:38,4
LF:38
LH:38
BRDA:7,0,0,4
BRDA:29,1,0,2
BRDA:29,2,0,2
BRDA:10,3,0,1
BRDA:11,4,0,1
BRF:5
BRH:5
end_of_record
TN:
SF:src\widgets\ThemeSwitcher\index.tsx
FN:1,get
FNF:1
FNH:1
FNDA:4,get
DA:1,1
LF:1
LH:1
BRDA:1,0,0,4
BRF:1
BRH:1
end_of_record
TN:
SF:src\widgets\ThemeSwitcher\ui\ThemeSwitcher.tsx
FN:7,ThemeSwitcher
FNF:1
FNH:1
FNDA:7,ThemeSwitcher
DA:1,1
DA:2,1
DA:3,1
DA:4,1
DA:5,1
DA:6,1
DA:7,1
DA:8,7
DA:9,7
DA:10,7
DA:11,7
DA:12,7
DA:13,7
DA:14,7
LF:14
LH:14
BRDA:7,0,0,7
BRDA:11,1,0,2
BRDA:11,2,0,5
BRF:3
BRH:3
end_of_record
